<?xml version="1.0" encoding="UTF-8"?>
<!-- Generated by org.testng.reporters.JUnitReportReporter -->
<testsuite skipped="0" hostname="Asus-Zenbook" name="TestNG.Example" tests="1" failures="0" timestamp="2020-08-28T12:44:04 COT" time="0.007" errors="0">
  <testcase name="hello" time="0.007" classname="TestNG.Example"/>
  <system-out/>
</testsuite> <!-- TestNG.Example -->
